TN:
SF:src\app.js
FNF:0
FNH:0
DA:1,1
DA:2,1
DA:3,1
DA:4,1
DA:5,1
DA:6,1
DA:7,1
DA:8,1
DA:9,1
DA:10,1
DA:11,1
DA:12,1
DA:13,1
DA:14,1
DA:15,1
DA:16,1
DA:17,1
DA:18,1
DA:19,1
DA:20,1
DA:21,1
DA:22,1
DA:23,0
DA:24,0
DA:25,1
DA:26,1
DA:27,1
DA:28,1
DA:29,1
LF:29
LH:27
BRF:0
BRH:0
end_of_record
TN:
SF:src\data\aws.js
FN:16,getSecretsManagerClient
FN:31,getSecret
FNF:2
FNH:1
FNDA:0,getSecretsManagerClient
FNDA:3,getSecret
DA:1,1
DA:2,1
DA:3,1
DA:4,1
DA:5,1
DA:6,1
DA:7,1
DA:8,1
DA:9,1
DA:10,1
DA:11,1
DA:12,1
DA:13,1
DA:14,1
DA:15,1
DA:16,0
DA:17,0
DA:18,0
DA:19,0
DA:20,0
DA:21,0
DA:22,0
DA:23,0
DA:24,0
DA:25,1
DA:26,1
DA:27,1
DA:28,1
DA:29,1
DA:30,1
DA:31,3
DA:32,3
DA:33,3
DA:34,3
DA:35,1
DA:36,1
DA:37,3
DA:38,3
DA:39,3
DA:40,1
DA:41,1
DA:42,1
DA:43,1
DA:44,1
DA:45,3
DA:46,3
DA:47,3
LF:47
LH:38
BRDA:31,0,0,3
BRDA:32,1,0,3
BRDA:33,2,0,3
BRDA:34,3,0,1
BRDA:39,4,0,1
BRF:5
BRH:5
end_of_record
TN:
SF:src\data\stages.js
FN:10,getStagesByDate
FNF:1
FNH:0
FNDA:0,getStagesByDate
DA:1,1
DA:2,1
DA:3,1
DA:4,1
DA:5,1
DA:6,1
DA:7,1
DA:8,1
DA:9,1
DA:10,0
DA:11,0
DA:12,0
DA:13,0
DA:14,0
DA:15,0
DA:16,0
DA:17,0
DA:18,0
DA:19,0
DA:20,1
DA:21,1
DA:22,1
DA:23,1
DA:24,1
DA:25,1
LF:25
LH:15
BRF:0
BRH:0
end_of_record
TN:
SF:src\data\time.js
FN:9,getPeriodDates
FNF:1
FNH:0
FNDA:0,getPeriodDates
DA:1,1
DA:2,1
DA:3,1
DA:4,1
DA:5,1
DA:6,1
DA:7,1
DA:8,1
DA:9,0
DA:10,0
DA:11,0
DA:12,0
DA:13,0
DA:14,0
DA:15,0
LF:15
LH:8
BRF:0
BRH:0
end_of_record
TN:
SF:src\data\tourneys.js
FN:9,getTourneys
FNF:1
FNH:0
FNDA:0,getTourneys
DA:1,1
DA:2,1
DA:3,1
DA:4,1
DA:5,1
DA:6,1
DA:7,1
DA:8,1
DA:9,0
DA:10,0
DA:11,0
DA:12,0
DA:13,0
DA:14,0
DA:15,0
DA:16,0
DA:17,0
DA:18,1
DA:19,1
DA:20,1
DA:21,1
LF:21
LH:12
BRF:0
BRH:0
end_of_record
TN:
SF:src\data\models\index.js
FNF:0
FNH:0
DA:1,1
DA:2,1
DA:3,1
DA:4,1
DA:5,1
DA:6,1
DA:7,1
LF:7
LH:7
BRF:0
BRH:0
end_of_record
TN:
SF:src\data\models\stage.js
FNF:0
FNH:0
DA:1,1
DA:2,1
DA:3,1
DA:4,1
DA:5,1
DA:6,1
DA:7,1
DA:8,1
DA:9,1
DA:10,1
DA:11,1
DA:12,1
DA:13,1
LF:13
LH:13
BRF:0
BRH:0
end_of_record
TN:
SF:src\data\models\tourney.js
FNF:0
FNH:0
DA:1,1
DA:2,1
DA:3,1
DA:4,1
DA:5,1
DA:6,1
DA:7,1
DA:8,1
DA:9,1
DA:10,1
LF:10
LH:10
BRF:0
BRH:0
end_of_record
TN:
SF:src\middleware\errorHandler.js
FN:4,errorHandler
FNF:1
FNH:1
FNDA:4,errorHandler
DA:1,1
DA:2,1
DA:3,1
DA:4,1
DA:5,4
DA:6,0
DA:7,0
DA:8,0
DA:9,4
DA:10,4
DA:11,4
DA:12,2
DA:13,2
DA:14,2
DA:15,2
DA:16,4
DA:17,1
DA:18,1
LF:18
LH:15
BRDA:4,0,0,4
BRDA:5,1,0,0
BRDA:11,2,0,2
BRDA:12,3,0,0
BRF:4
BRH:2
end_of_record
TN:
SF:src\routes\tourneys.js
FNF:0
FNH:0
DA:1,1
DA:2,1
DA:3,1
DA:4,1
DA:5,1
DA:6,1
DA:7,1
DA:8,1
DA:9,1
DA:10,1
DA:11,1
DA:12,3
DA:13,3
DA:14,3
DA:15,3
DA:16,3
DA:17,1
DA:18,1
DA:19,2
DA:20,2
DA:21,3
DA:22,1
DA:23,1
DA:24,1
DA:25,1
DA:26,3
DA:27,3
DA:28,1
DA:29,1
LF:29
LH:29
BRDA:11,0,0,3
BRDA:16,1,0,1
BRDA:19,2,0,2
BRDA:21,3,0,1
BRF:4
BRH:4
end_of_record
TN:
SF:src\routes\schemas\index.js
FNF:0
FNH:0
DA:1,1
DA:2,1
DA:3,1
DA:4,1
DA:5,1
LF:5
LH:5
BRF:0
BRH:0
end_of_record
TN:
SF:src\routes\validator\index.js
FN:13,validateSchema
FNF:1
FNH:1
FNDA:5,validateSchema
DA:1,1
DA:2,1
DA:3,1
DA:4,1
DA:5,1
DA:6,1
DA:7,1
DA:8,1
DA:9,1
DA:10,1
DA:11,1
DA:12,1
DA:13,5
DA:14,5
DA:15,5
DA:16,5
DA:17,2
DA:18,2
DA:19,4
DA:20,4
DA:21,1
DA:22,1
DA:23,1
DA:24,1
LF:24
LH:24
BRDA:13,0,0,5
BRDA:16,1,0,4
BRDA:16,2,0,2
BRDA:17,3,0,2
BRF:4
BRH:4
end_of_record
TN:
SF:src\service\schedule.js
FN:18,getSchedules
FNF:1
FNH:1
FNDA:4,getSchedules
DA:1,1
DA:2,1
DA:3,1
DA:4,1
DA:5,1
DA:6,1
DA:7,1
DA:8,1
DA:9,1
DA:10,1
DA:11,1
DA:12,1
DA:13,1
DA:14,1
DA:15,1
DA:16,1
DA:17,1
DA:18,4
DA:19,4
DA:20,4
DA:21,4
DA:22,4
DA:23,3
DA:24,3
DA:25,3
DA:26,3
DA:27,9
DA:28,9
DA:29,9
DA:30,9
DA:31,9
DA:32,9
DA:33,9
DA:34,9
DA:35,9
DA:36,9
DA:37,3
DA:38,3
DA:39,3
DA:40,3
DA:41,3
DA:42,3
DA:43,3
DA:44,3
DA:45,3
DA:46,3
DA:47,3
LF:47
LH:47
BRDA:18,0,0,4
BRDA:22,1,0,1
BRDA:22,2,0,3
BRDA:26,3,0,9
BRDA:28,4,0,6
BRDA:39,5,0,9
BRDA:43,6,0,3
BRF:7
BRH:7
end_of_record
